This file contains any messages produced by compilers while
running configure, to aid debugging if configure makes a mistake.

It was created by PowerSensor configure 1.0.0, which was
generated by GNU Autoconf 2.63.  Invocation command line was

  $ ./configure 

## --------- ##
## Platform. ##
## --------- ##

hostname = localhost.localdomain
uname -m = x86_64
uname -r = 2.6.32-573.el6.x86_64
uname -s = Linux
uname -v = #1 SMP Thu Jul 23 15:44:03 UTC 2015

/usr/bin/uname -p = unknown
/bin/uname -X     = unknown

/bin/arch              = x86_64
/usr/bin/arch -k       = unknown
/usr/convex/getsysinfo = unknown
/usr/bin/hostinfo      = unknown
/bin/machine           = unknown
/usr/bin/oslevel       = unknown
/bin/universe          = unknown

PATH: /usr/local/redhawk/core/bin
PATH: /usr/lib64/qt-3.3/bin
PATH: /usr/local/bin
PATH: /usr/bin
PATH: /bin
PATH: /usr/local/sbin
PATH: /usr/sbin
PATH: /sbin
PATH: /home/tre/bin


## ----------- ##
## Core tests. ##
## ----------- ##

configure:1929: checking for a BSD-compatible install
configure:1997: result: /usr/bin/install -c
configure:2008: checking whether build environment is sane
configure:2068: result: yes
configure:2209: checking for a thread-safe mkdir -p
configure:2248: result: /bin/mkdir -p
configure:2261: checking for gawk
configure:2277: found /usr/bin/gawk
configure:2288: result: gawk
configure:2299: checking whether make sets $(MAKE)
configure:2321: result: yes
configure:2453: checking for gcc
configure:2469: found /usr/bin/gcc
configure:2480: result: gcc
configure:2712: checking for C compiler version
configure:2720: gcc --version >&5
gcc (GCC) 4.4.7 20120313 (Red Hat 4.4.7-16)
Copyright (C) 2010 Free Software Foundation, Inc.
This is free software; see the source for copying conditions.  There is NO
warranty; not even for MERCHANTABILITY or FITNESS FOR A PARTICULAR PURPOSE.

configure:2724: $? = 0
configure:2731: gcc -v >&5
Using built-in specs.
Target: x86_64-redhat-linux
Configured with: ../configure --prefix=/usr --mandir=/usr/share/man --infodir=/usr/share/info --with-bugurl=http://bugzilla.redhat.com/bugzilla --enable-bootstrap --enable-shared --enable-threads=posix --enable-checking=release --with-system-zlib --enable-__cxa_atexit --disable-libunwind-exceptions --enable-gnu-unique-object --enable-languages=c,c++,objc,obj-c++,java,fortran,ada --enable-java-awt=gtk --disable-dssi --with-java-home=/usr/lib/jvm/java-1.5.0-gcj-1.5.0.0/jre --enable-libgcj-multifile --enable-java-maintainer-mode --with-ecj-jar=/usr/share/java/eclipse-ecj.jar --disable-libjava-multilib --with-ppl --with-cloog --with-tune=generic --with-arch_32=i686 --build=x86_64-redhat-linux
Thread model: posix
gcc version 4.4.7 20120313 (Red Hat 4.4.7-16) (GCC) 
configure:2735: $? = 0
configure:2742: gcc -V >&5
gcc: '-V' option must have argument
configure:2746: $? = 1
configure:2769: checking for C compiler default output file name
configure:2791: gcc    conftest.c  >&5
configure:2795: $? = 0
configure:2833: result: a.out
configure:2852: checking whether the C compiler works
configure:2862: ./a.out
configure:2866: $? = 0
configure:2885: result: yes
configure:2892: checking whether we are cross compiling
configure:2894: result: no
configure:2897: checking for suffix of executables
configure:2904: gcc -o conftest    conftest.c  >&5
configure:2908: $? = 0
configure:2934: result: 
configure:2940: checking for suffix of object files
configure:2966: gcc -c   conftest.c >&5
configure:2970: $? = 0
configure:2995: result: o
configure:2999: checking whether we are using the GNU C compiler
configure:3028: gcc -c   conftest.c >&5
configure:3035: $? = 0
configure:3052: result: yes
configure:3061: checking whether gcc accepts -g
configure:3091: gcc -c -g  conftest.c >&5
configure:3098: $? = 0
configure:3199: result: yes
configure:3216: checking for gcc option to accept ISO C89
configure:3290: gcc  -c -g -O2  conftest.c >&5
configure:3297: $? = 0
configure:3320: result: none needed
configure:3349: checking for style of include used by make
configure:3377: result: GNU
configure:3402: checking dependency style of gcc
configure:3512: result: gcc3
configure:3585: checking for g++
configure:3601: found /usr/bin/g++
configure:3612: result: g++
configure:3639: checking for C++ compiler version
configure:3647: g++ --version >&5
g++ (GCC) 4.4.7 20120313 (Red Hat 4.4.7-16)
Copyright (C) 2010 Free Software Foundation, Inc.
This is free software; see the source for copying conditions.  There is NO
warranty; not even for MERCHANTABILITY or FITNESS FOR A PARTICULAR PURPOSE.

configure:3651: $? = 0
configure:3658: g++ -v >&5
Using built-in specs.
Target: x86_64-redhat-linux
Configured with: ../configure --prefix=/usr --mandir=/usr/share/man --infodir=/usr/share/info --with-bugurl=http://bugzilla.redhat.com/bugzilla --enable-bootstrap --enable-shared --enable-threads=posix --enable-checking=release --with-system-zlib --enable-__cxa_atexit --disable-libunwind-exceptions --enable-gnu-unique-object --enable-languages=c,c++,objc,obj-c++,java,fortran,ada --enable-java-awt=gtk --disable-dssi --with-java-home=/usr/lib/jvm/java-1.5.0-gcj-1.5.0.0/jre --enable-libgcj-multifile --enable-java-maintainer-mode --with-ecj-jar=/usr/share/java/eclipse-ecj.jar --disable-libjava-multilib --with-ppl --with-cloog --with-tune=generic --with-arch_32=i686 --build=x86_64-redhat-linux
Thread model: posix
gcc version 4.4.7 20120313 (Red Hat 4.4.7-16) (GCC) 
configure:3662: $? = 0
configure:3669: g++ -V >&5
g++: '-V' option must have argument
configure:3673: $? = 1
configure:3676: checking whether we are using the GNU C++ compiler
configure:3705: g++ -c   conftest.cpp >&5
configure:3712: $? = 0
configure:3729: result: yes
configure:3738: checking whether g++ accepts -g
configure:3768: g++ -c -g  conftest.cpp >&5
configure:3775: $? = 0
configure:3876: result: yes
configure:3901: checking dependency style of g++
configure:4011: result: gcc3
configure:4040: checking for a BSD-compatible install
configure:4108: result: /usr/bin/install -c
configure:4169: checking for pkg-config
configure:4187: found /usr/bin/pkg-config
configure:4199: result: /usr/bin/pkg-config
configure:4224: checking pkg-config is at least version 0.9.0
configure:4227: result: yes
configure:4238: checking for omniORB4
configure:4244: $PKG_CONFIG --exists --print-errors "omniORB4 >= 4.0.0"
configure:4247: $? = 0
configure:4254: result: yes
configure:4299: checking for ossie home
configure:4330: result: /usr/local/redhawk/core
configure:4337: checking to see ossie is installed
configure:4347: checking for sdr root
configure:4370: result: /var/redhawk/sdr
configure:4389: using /var/redhawk/sdr/ as installation prefix
configure:4412: checking for PROJECTDEPS
configure:4420: $PKG_CONFIG --exists --print-errors "ossie >= 2.0 omniORB4 >= 4.1.0"
configure:4423: $? = 0
configure:4438: $PKG_CONFIG --exists --print-errors "ossie >= 2.0 omniORB4 >= 4.1.0"
configure:4441: $? = 0
configure:4519: result: yes
configure:4525: checking for INTERFACEDEPS
configure:4533: $PKG_CONFIG --exists --print-errors "bulkio >= 2.0"
configure:4536: $? = 0
configure:4551: $PKG_CONFIG --exists --print-errors "bulkio >= 2.0"
configure:4554: $? = 0
configure:4632: result: yes
configure:4645: checking for LOG4CXX
configure:4653: $PKG_CONFIG --exists --print-errors "liblog4cxx >= 0.10.0"
configure:4656: $? = 0
configure:4671: $PKG_CONFIG --exists --print-errors "liblog4cxx >= 0.10.0"
configure:4674: $? = 0
configure:4752: result: yes
configure:4791: checking build system type
configure:4809: result: x86_64-unknown-linux-gnu
configure:4831: checking host system type
configure:4846: result: x86_64-unknown-linux-gnu
configure:4919: checking for boostlib >= 1.41
configure:4990: g++ -c -g -O2    -I/usr/include conftest.cpp >&5
configure:4997: $? = 0
configure:5003: result: yes
configure:5255: checking whether the Boost::System library is available
configure:5289: g++ -c -g -O2    -I/usr/include conftest.cpp >&5
configure:5296: $? = 0
configure:5319: result: yes
configure:5336: checking for exit in -lboost_system
configure:5371: gcc -o conftest -g -O2    -I/usr/include  -L/usr/lib64 conftest.c -lboost_system   -llog4cxx   >&5
conftest.c:22: warning: conflicting types for built-in function 'exit'
configure:5378: $? = 0
configure:5401: result: yes
configure:5623: checking whether the Boost::Thread library is available
configure:5665: g++ -c -pthread -g -O2    -I/usr/include conftest.cpp >&5
configure:5672: $? = 0
configure:5695: result: yes
configure:5726: checking for exit in -lboost_thread-mt
configure:5761: gcc -o conftest -g -O2    -I/usr/include  -L/usr/lib64 conftest.c -lboost_thread-mt   -llog4cxx   >&5
conftest.c:23: warning: conflicting types for built-in function 'exit'
configure:5768: $? = 0
configure:5791: result: yes
configure:6020: checking whether the Boost::Regex library is available
configure:6053: g++ -c -g -O2    -pthread -I/usr/include conftest.cpp >&5
configure:6060: $? = 0
configure:6082: result: yes
configure:6095: checking for exit in -lboost_regex-mt
configure:6130: gcc -o conftest -g -O2    -pthread -I/usr/include  -L/usr/lib64 conftest.c -lboost_regex-mt   -llog4cxx   >&5
conftest.c:24: warning: conflicting types for built-in function 'exit'
configure:6137: $? = 0
configure:6160: result: yes
configure:6513: creating ./config.status

## ---------------------- ##
## Running config.status. ##
## ---------------------- ##

This file was extended by PowerSensor config.status 1.0.0, which was
generated by GNU Autoconf 2.63.  Invocation command line was

  CONFIG_FILES    = 
  CONFIG_HEADERS  = 
  CONFIG_LINKS    = 
  CONFIG_COMMANDS = 
  $ ./config.status 

on localhost.localdomain

config.status:725: creating Makefile
config.status:936: executing depfiles commands

## ---------------- ##
## Cache variables. ##
## ---------------- ##

ac_cv_build=x86_64-unknown-linux-gnu
ac_cv_c_compiler_gnu=yes
ac_cv_corba_omniorb4=yes
ac_cv_cxx_compiler_gnu=yes
ac_cv_env_CCC_set=
ac_cv_env_CCC_value=
ac_cv_env_CC_set=
ac_cv_env_CC_value=
ac_cv_env_CFLAGS_set=
ac_cv_env_CFLAGS_value=
ac_cv_env_CPPFLAGS_set=
ac_cv_env_CPPFLAGS_value=
ac_cv_env_CXXFLAGS_set=
ac_cv_env_CXXFLAGS_value=
ac_cv_env_CXX_set=
ac_cv_env_CXX_value=
ac_cv_env_INTERFACEDEPS_CFLAGS_set=
ac_cv_env_INTERFACEDEPS_CFLAGS_value=
ac_cv_env_INTERFACEDEPS_LIBS_set=
ac_cv_env_INTERFACEDEPS_LIBS_value=
ac_cv_env_LDFLAGS_set=
ac_cv_env_LDFLAGS_value=
ac_cv_env_LIBS_set=
ac_cv_env_LIBS_value=
ac_cv_env_LOG4CXX_CFLAGS_set=
ac_cv_env_LOG4CXX_CFLAGS_value=
ac_cv_env_LOG4CXX_LIBS_set=
ac_cv_env_LOG4CXX_LIBS_value=
ac_cv_env_PKG_CONFIG_set=
ac_cv_env_PKG_CONFIG_value=
ac_cv_env_PROJECTDEPS_CFLAGS_set=
ac_cv_env_PROJECTDEPS_CFLAGS_value=
ac_cv_env_PROJECTDEPS_LIBS_set=
ac_cv_env_PROJECTDEPS_LIBS_value=
ac_cv_env_build_alias_set=
ac_cv_env_build_alias_value=
ac_cv_env_host_alias_set=
ac_cv_env_host_alias_value=
ac_cv_env_target_alias_set=
ac_cv_env_target_alias_value=
ac_cv_host=x86_64-unknown-linux-gnu
ac_cv_lib_boost_regex_mt___exit=yes
ac_cv_lib_boost_system___exit=yes
ac_cv_lib_boost_thread_mt___exit=yes
ac_cv_objext=o
ac_cv_path_ac_pt_PKG_CONFIG=/usr/bin/pkg-config
ac_cv_path_install='/usr/bin/install -c'
ac_cv_path_mkdir=/bin/mkdir
ac_cv_prog_AWK=gawk
ac_cv_prog_ac_ct_CC=gcc
ac_cv_prog_ac_ct_CXX=g++
ac_cv_prog_cc_c89=
ac_cv_prog_cc_g=yes
ac_cv_prog_cxx_g=yes
ac_cv_prog_make_make_set=yes
am_cv_CC_dependencies_compiler_type=gcc3
am_cv_CXX_dependencies_compiler_type=gcc3
ax_cv_boost_regex=yes
ax_cv_boost_system=yes
ax_cv_boost_thread=yes
ossie_cv_ossie_home=/usr/local/redhawk/core
ossie_cv_sdr_root=/var/redhawk/sdr
pkg_cv_INTERFACEDEPS_CFLAGS='-D__x86_64__ -D__linux__ -D__OSVERSION__=2 -DENABLE_EVENTS=1 -I/usr/local/redhawk/core/include/bulkio -I/usr/local/redhawk/core/include/ossie -I/usr/local/redhawk/core/include -I/usr/local/redhawk/core/share/idl  '
pkg_cv_INTERFACEDEPS_LIBS='-L/usr/local/redhawk/core/lib64 -lbulkio-2.0 -lbulkioInterfaces -lossiecf -lossieidl -lCOS4 -lomniDynamic4 -lomniORB4 -lomnithread  '
pkg_cv_LOG4CXX_CFLAGS=' '
pkg_cv_LOG4CXX_LIBS='-llog4cxx  '
pkg_cv_PROJECTDEPS_CFLAGS='-D__x86_64__ -D__linux__ -D__OSVERSION__=2 -DENABLE_EVENTS=1 -I/usr/local/redhawk/core/include -I/usr/local/redhawk/core/include/ossie -I/usr/local/redhawk/core/share/idl  '
pkg_cv_PROJECTDEPS_LIBS='-L/usr/local/redhawk/core/lib64 -lossiecf -lossieidl -lCOS4 -lomniDynamic4 -lomniORB4 -lomnithread  '

## ----------------- ##
## Output variables. ##
## ----------------- ##

ACLOCAL='${SHELL} /home/tre/workspace/PowerSensor/cpp/missing --run aclocal-1.11'
AMDEPBACKSLASH='\'
AMDEP_FALSE='#'
AMDEP_TRUE=''
AMTAR='${SHELL} /home/tre/workspace/PowerSensor/cpp/missing --run tar'
AM_BACKSLASH='\'
AM_DEFAULT_VERBOSITY='0'
AUTOCONF='${SHELL} /home/tre/workspace/PowerSensor/cpp/missing --run autoconf'
AUTOHEADER='${SHELL} /home/tre/workspace/PowerSensor/cpp/missing --run autoheader'
AUTOMAKE='${SHELL} /home/tre/workspace/PowerSensor/cpp/missing --run automake-1.11'
AWK='gawk'
BOOST_CPPFLAGS='-pthread -I/usr/include'
BOOST_LDFLAGS='-L/usr/lib64'
BOOST_REGEX_LIB='-lboost_regex-mt'
BOOST_SYSTEM_LIB='-lboost_system'
BOOST_THREAD_LIB='-lboost_thread-mt'
CC='gcc'
CCDEPMODE='depmode=gcc3'
CFLAGS='-g -O2'
CORBA_ORB='omniORB4'
CPPFLAGS='  '
CXX='g++'
CXXDEPMODE='depmode=gcc3'
CXXFLAGS='-g -O2'
CYGPATH_W='echo'
DEFS='-DPACKAGE_NAME=\"PowerSensor\" -DPACKAGE_TARNAME=\"powersensor\" -DPACKAGE_VERSION=\"1.0.0\" -DPACKAGE_STRING=\"PowerSensor\ 1.0.0\" -DPACKAGE_BUGREPORT=\"\" -DPACKAGE=\"powersensor\" -DVERSION=\"1.0.0\" -DHAVE_OMNIORB4=1 -DHAVE_LOG4CXX=1 -DRH_LOGGER=1 -DHAVE_BOOST=1 -DHAVE_BOOST_SYSTEM=1 -DHAVE_BOOST_THREAD=1 -DHAVE_BOOST_REGEX=1'
DEPDIR='.deps'
ECHO_C=''
ECHO_N='-n'
ECHO_T=''
EXEEXT=''
HAVE_LOG4CXX='-DHAVE_LOG4CXX=1'
INSTALL_DATA='${INSTALL} -m 644'
INSTALL_PROGRAM='${INSTALL}'
INSTALL_SCRIPT='${INSTALL}'
INSTALL_STRIP_PROGRAM='$(install_sh) -c -s'
INTERFACEDEPS_CFLAGS='-D__x86_64__ -D__linux__ -D__OSVERSION__=2 -DENABLE_EVENTS=1 -I/usr/local/redhawk/core/include/bulkio -I/usr/local/redhawk/core/include/ossie -I/usr/local/redhawk/core/include -I/usr/local/redhawk/core/share/idl  '
INTERFACEDEPS_LIBS='-L/usr/local/redhawk/core/lib64 -lbulkio-2.0 -lbulkioInterfaces -lossiecf -lossieidl -lCOS4 -lomniDynamic4 -lomniORB4 -lomnithread  '
LDFLAGS=''
LIBOBJS=''
LIBS=' -llog4cxx  '
LOG4CXX_CFLAGS=' '
LOG4CXX_LIBS='-llog4cxx  '
LTLIBOBJS=''
MAKEINFO='${SHELL} /home/tre/workspace/PowerSensor/cpp/missing --run makeinfo'
MKDIR_P='/bin/mkdir -p'
OBJEXT='o'
OSSIE_HOME='/usr/local/redhawk/core'
PACKAGE='powersensor'
PACKAGE_BUGREPORT=''
PACKAGE_NAME='PowerSensor'
PACKAGE_STRING='PowerSensor 1.0.0'
PACKAGE_TARNAME='powersensor'
PACKAGE_VERSION='1.0.0'
PATH_SEPARATOR=':'
PKG_CONFIG='/usr/bin/pkg-config'
PROJECTDEPS_CFLAGS='-D__x86_64__ -D__linux__ -D__OSVERSION__=2 -DENABLE_EVENTS=1 -I/usr/local/redhawk/core/include -I/usr/local/redhawk/core/include/ossie -I/usr/local/redhawk/core/share/idl  '
PROJECTDEPS_LIBS='-L/usr/local/redhawk/core/lib64 -lossiecf -lossieidl -lCOS4 -lomniDynamic4 -lomniORB4 -lomnithread  '
SDR_ROOT='/var/redhawk/sdr'
SET_MAKE=''
SHELL='/bin/sh'
STRIP=''
VERSION='1.0.0'
WITH_LOG4CXX='yes'
ac_ct_CC='gcc'
ac_ct_CXX='g++'
am__EXEEXT_FALSE=''
am__EXEEXT_TRUE='#'
am__fastdepCC_FALSE='#'
am__fastdepCC_TRUE=''
am__fastdepCXX_FALSE='#'
am__fastdepCXX_TRUE=''
am__include='include'
am__isrc=''
am__leading_dot='.'
am__quote=''
am__tar='${AMTAR} chof - "$$tardir"'
am__untar='${AMTAR} xf -'
bindir='${exec_prefix}/bin'
build='x86_64-unknown-linux-gnu'
build_alias=''
build_cpu='x86_64'
build_os='linux-gnu'
build_vendor='unknown'
datadir='${datarootdir}'
datarootdir='${prefix}/share'
docdir='${datarootdir}/doc/${PACKAGE_TARNAME}'
dvidir='${docdir}'
exec_prefix='${prefix}'
host='x86_64-unknown-linux-gnu'
host_alias=''
host_cpu='x86_64'
host_os='linux-gnu'
host_vendor='unknown'
htmldir='${docdir}'
includedir='${prefix}/include'
infodir='${datarootdir}/info'
install_sh='${SHELL} /home/tre/workspace/PowerSensor/cpp/install-sh'
libdir='${exec_prefix}/lib'
libexecdir='${exec_prefix}/libexec'
localedir='${datarootdir}/locale'
localstatedir='${prefix}/var'
mandir='${datarootdir}/man'
mkdir_p='/bin/mkdir -p'
oldincludedir='/usr/include'
pdfdir='${docdir}'
prefix='/var/redhawk/sdr/'
program_transform_name='s,x,x,'
psdir='${docdir}'
sbindir='${exec_prefix}/sbin'
sharedstatedir='${prefix}/com'
sysconfdir='${prefix}/etc'
target_alias=''

## ----------- ##
## confdefs.h. ##
## ----------- ##

#define PACKAGE_NAME "PowerSensor"
#define PACKAGE_TARNAME "powersensor"
#define PACKAGE_VERSION "1.0.0"
#define PACKAGE_STRING "PowerSensor 1.0.0"
#define PACKAGE_BUGREPORT ""
#define PACKAGE "powersensor"
#define VERSION "1.0.0"
#define HAVE_OMNIORB4 1
#define HAVE_LOG4CXX 1
#define RH_LOGGER 1
#define HAVE_BOOST 1
#define HAVE_BOOST_SYSTEM 1
#define HAVE_BOOST_THREAD 1
#define HAVE_BOOST_REGEX 1

configure: exit 0
