This file contains any messages produced by compilers while
running configure, to aid debugging if configure makes a mistake.

It was created by lobReader configure 1.0.0, which was
generated by GNU Autoconf 2.63.  Invocation command line was

  $ ./configure 

## --------- ##
## Platform. ##
## --------- ##

hostname = localhost.localdomain
uname -m = x86_64
uname -r = 2.6.32-573.el6.x86_64
uname -s = Linux
uname -v = #1 SMP Thu Jul 23 15:44:03 UTC 2015

/usr/bin/uname -p = unknown
/bin/uname -X     = unknown

/bin/arch              = x86_64
/usr/bin/arch -k       = unknown
/usr/convex/getsysinfo = unknown
/usr/bin/hostinfo      = unknown
/bin/machine           = unknown
/usr/bin/oslevel       = unknown
/bin/universe          = unknown

PATH: /usr/local/redhawk/core/bin
PATH: /usr/lib64/qt-3.3/bin
PATH: /usr/local/bin
PATH: /usr/bin
PATH: /bin
PATH: /usr/local/sbin
PATH: /usr/sbin
PATH: /sbin
PATH: /home/tre/bin


## ----------- ##
## Core tests. ##
## ----------- ##

configure:1921: checking for a BSD-compatible install
configure:1989: result: /usr/bin/install -c
configure:2000: checking whether build environment is sane
configure:2060: result: yes
configure:2201: checking for a thread-safe mkdir -p
configure:2240: result: /bin/mkdir -p
configure:2253: checking for gawk
configure:2269: found /usr/bin/gawk
configure:2280: result: gawk
configure:2291: checking whether make sets $(MAKE)
configure:2313: result: yes
configure:2445: checking for gcc
configure:2461: found /usr/bin/gcc
configure:2472: result: gcc
configure:2704: checking for C compiler version
configure:2712: gcc --version >&5
gcc (GCC) 4.4.7 20120313 (Red Hat 4.4.7-16)
Copyright (C) 2010 Free Software Foundation, Inc.
This is free software; see the source for copying conditions.  There is NO
warranty; not even for MERCHANTABILITY or FITNESS FOR A PARTICULAR PURPOSE.

configure:2716: $? = 0
configure:2723: gcc -v >&5
Using built-in specs.
Target: x86_64-redhat-linux
Configured with: ../configure --prefix=/usr --mandir=/usr/share/man --infodir=/usr/share/info --with-bugurl=http://bugzilla.redhat.com/bugzilla --enable-bootstrap --enable-shared --enable-threads=posix --enable-checking=release --with-system-zlib --enable-__cxa_atexit --disable-libunwind-exceptions --enable-gnu-unique-object --enable-languages=c,c++,objc,obj-c++,java,fortran,ada --enable-java-awt=gtk --disable-dssi --with-java-home=/usr/lib/jvm/java-1.5.0-gcj-1.5.0.0/jre --enable-libgcj-multifile --enable-java-maintainer-mode --with-ecj-jar=/usr/share/java/eclipse-ecj.jar --disable-libjava-multilib --with-ppl --with-cloog --with-tune=generic --with-arch_32=i686 --build=x86_64-redhat-linux
Thread model: posix
gcc version 4.4.7 20120313 (Red Hat 4.4.7-16) (GCC) 
configure:2727: $? = 0
configure:2734: gcc -V >&5
gcc: '-V' option must have argument
configure:2738: $? = 1
configure:2761: checking for C compiler default output file name
configure:2783: gcc    conftest.c  >&5
configure:2787: $? = 0
configure:2825: result: a.out
configure:2844: checking whether the C compiler works
configure:2854: ./a.out
configure:2858: $? = 0
configure:2877: result: yes
configure:2884: checking whether we are cross compiling
configure:2886: result: no
configure:2889: checking for suffix of executables
configure:2896: gcc -o conftest    conftest.c  >&5
configure:2900: $? = 0
configure:2926: result: 
configure:2932: checking for suffix of object files
configure:2958: gcc -c   conftest.c >&5
configure:2962: $? = 0
configure:2987: result: o
configure:2991: checking whether we are using the GNU C compiler
configure:3020: gcc -c   conftest.c >&5
configure:3027: $? = 0
configure:3044: result: yes
configure:3053: checking whether gcc accepts -g
configure:3083: gcc -c -g  conftest.c >&5
configure:3090: $? = 0
configure:3191: result: yes
configure:3208: checking for gcc option to accept ISO C89
configure:3282: gcc  -c -g -O2  conftest.c >&5
configure:3289: $? = 0
configure:3312: result: none needed
configure:3341: checking for style of include used by make
configure:3369: result: GNU
configure:3394: checking dependency style of gcc
configure:3504: result: gcc3
configure:3577: checking for g++
configure:3593: found /usr/bin/g++
configure:3604: result: g++
configure:3631: checking for C++ compiler version
configure:3639: g++ --version >&5
g++ (GCC) 4.4.7 20120313 (Red Hat 4.4.7-16)
Copyright (C) 2010 Free Software Foundation, Inc.
This is free software; see the source for copying conditions.  There is NO
warranty; not even for MERCHANTABILITY or FITNESS FOR A PARTICULAR PURPOSE.

configure:3643: $? = 0
configure:3650: g++ -v >&5
Using built-in specs.
Target: x86_64-redhat-linux
Configured with: ../configure --prefix=/usr --mandir=/usr/share/man --infodir=/usr/share/info --with-bugurl=http://bugzilla.redhat.com/bugzilla --enable-bootstrap --enable-shared --enable-threads=posix --enable-checking=release --with-system-zlib --enable-__cxa_atexit --disable-libunwind-exceptions --enable-gnu-unique-object --enable-languages=c,c++,objc,obj-c++,java,fortran,ada --enable-java-awt=gtk --disable-dssi --with-java-home=/usr/lib/jvm/java-1.5.0-gcj-1.5.0.0/jre --enable-libgcj-multifile --enable-java-maintainer-mode --with-ecj-jar=/usr/share/java/eclipse-ecj.jar --disable-libjava-multilib --with-ppl --with-cloog --with-tune=generic --with-arch_32=i686 --build=x86_64-redhat-linux
Thread model: posix
gcc version 4.4.7 20120313 (Red Hat 4.4.7-16) (GCC) 
configure:3654: $? = 0
configure:3661: g++ -V >&5
g++: '-V' option must have argument
configure:3665: $? = 1
configure:3668: checking whether we are using the GNU C++ compiler
configure:3697: g++ -c   conftest.cpp >&5
configure:3704: $? = 0
configure:3721: result: yes
configure:3730: checking whether g++ accepts -g
configure:3760: g++ -c -g  conftest.cpp >&5
configure:3767: $? = 0
configure:3868: result: yes
configure:3893: checking dependency style of g++
configure:4003: result: gcc3
configure:4032: checking for a BSD-compatible install
configure:4100: result: /usr/bin/install -c
configure:4161: checking for pkg-config
configure:4179: found /usr/bin/pkg-config
configure:4191: result: /usr/bin/pkg-config
configure:4216: checking pkg-config is at least version 0.9.0
configure:4219: result: yes
configure:4230: checking for omniORB4
configure:4236: $PKG_CONFIG --exists --print-errors "omniORB4 >= 4.0.0"
configure:4239: $? = 0
configure:4246: result: yes
configure:4291: checking for ossie home
configure:4322: result: /usr/local/redhawk/core
configure:4329: checking to see ossie is installed
configure:4339: checking for sdr root
configure:4362: result: /var/redhawk/sdr
configure:4381: using /var/redhawk/sdr/ as installation prefix
configure:4404: checking for PROJECTDEPS
configure:4412: $PKG_CONFIG --exists --print-errors "ossie >= 2.0 omniORB4 >= 4.1.0"
configure:4415: $? = 0
configure:4430: $PKG_CONFIG --exists --print-errors "ossie >= 2.0 omniORB4 >= 4.1.0"
configure:4433: $? = 0
configure:4511: result: yes
configure:4524: checking for LOG4CXX
configure:4532: $PKG_CONFIG --exists --print-errors "liblog4cxx >= 0.10.0"
configure:4535: $? = 0
configure:4550: $PKG_CONFIG --exists --print-errors "liblog4cxx >= 0.10.0"
configure:4553: $? = 0
configure:4631: result: yes
configure:4670: checking build system type
configure:4688: result: x86_64-unknown-linux-gnu
configure:4710: checking host system type
configure:4725: result: x86_64-unknown-linux-gnu
configure:4798: checking for boostlib >= 1.41
configure:4869: g++ -c -g -O2    -I/usr/include conftest.cpp >&5
configure:4876: $? = 0
configure:4882: result: yes
configure:5134: checking whether the Boost::System library is available
configure:5168: g++ -c -g -O2    -I/usr/include conftest.cpp >&5
configure:5175: $? = 0
configure:5198: result: yes
configure:5215: checking for exit in -lboost_system
configure:5250: gcc -o conftest -g -O2    -I/usr/include  -L/usr/lib64 conftest.c -lboost_system   -llog4cxx   >&5
conftest.c:22: warning: conflicting types for built-in function 'exit'
configure:5257: $? = 0
configure:5280: result: yes
configure:5502: checking whether the Boost::Thread library is available
configure:5544: g++ -c -pthread -g -O2    -I/usr/include conftest.cpp >&5
configure:5551: $? = 0
configure:5574: result: yes
configure:5605: checking for exit in -lboost_thread-mt
configure:5640: gcc -o conftest -g -O2    -I/usr/include  -L/usr/lib64 conftest.c -lboost_thread-mt   -llog4cxx   >&5
conftest.c:23: warning: conflicting types for built-in function 'exit'
configure:5647: $? = 0
configure:5670: result: yes
configure:5899: checking whether the Boost::Regex library is available
configure:5932: g++ -c -g -O2    -pthread -I/usr/include conftest.cpp >&5
configure:5939: $? = 0
configure:5961: result: yes
configure:5974: checking for exit in -lboost_regex-mt
configure:6009: gcc -o conftest -g -O2    -pthread -I/usr/include  -L/usr/lib64 conftest.c -lboost_regex-mt   -llog4cxx   >&5
conftest.c:24: warning: conflicting types for built-in function 'exit'
configure:6016: $? = 0
configure:6039: result: yes
configure:6392: creating ./config.status

## ---------------------- ##
## Running config.status. ##
## ---------------------- ##

This file was extended by lobReader config.status 1.0.0, which was
generated by GNU Autoconf 2.63.  Invocation command line was

  CONFIG_FILES    = 
  CONFIG_HEADERS  = 
  CONFIG_LINKS    = 
  CONFIG_COMMANDS = 
  $ ./config.status 

on localhost.localdomain

config.status:722: creating Makefile
config.status:933: executing depfiles commands

## ---------------- ##
## Cache variables. ##
## ---------------- ##

ac_cv_build=x86_64-unknown-linux-gnu
ac_cv_c_compiler_gnu=yes
ac_cv_corba_omniorb4=yes
ac_cv_cxx_compiler_gnu=yes
ac_cv_env_CCC_set=
ac_cv_env_CCC_value=
ac_cv_env_CC_set=
ac_cv_env_CC_value=
ac_cv_env_CFLAGS_set=
ac_cv_env_CFLAGS_value=
ac_cv_env_CPPFLAGS_set=
ac_cv_env_CPPFLAGS_value=
ac_cv_env_CXXFLAGS_set=
ac_cv_env_CXXFLAGS_value=
ac_cv_env_CXX_set=
ac_cv_env_CXX_value=
ac_cv_env_LDFLAGS_set=
ac_cv_env_LDFLAGS_value=
ac_cv_env_LIBS_set=
ac_cv_env_LIBS_value=
ac_cv_env_LOG4CXX_CFLAGS_set=
ac_cv_env_LOG4CXX_CFLAGS_value=
ac_cv_env_LOG4CXX_LIBS_set=
ac_cv_env_LOG4CXX_LIBS_value=
ac_cv_env_PKG_CONFIG_set=
ac_cv_env_PKG_CONFIG_value=
ac_cv_env_PROJECTDEPS_CFLAGS_set=
ac_cv_env_PROJECTDEPS_CFLAGS_value=
ac_cv_env_PROJECTDEPS_LIBS_set=
ac_cv_env_PROJECTDEPS_LIBS_value=
ac_cv_env_build_alias_set=
ac_cv_env_build_alias_value=
ac_cv_env_host_alias_set=
ac_cv_env_host_alias_value=
ac_cv_env_target_alias_set=
ac_cv_env_target_alias_value=
ac_cv_host=x86_64-unknown-linux-gnu
ac_cv_lib_boost_regex_mt___exit=yes
ac_cv_lib_boost_system___exit=yes
ac_cv_lib_boost_thread_mt___exit=yes
ac_cv_objext=o
ac_cv_path_ac_pt_PKG_CONFIG=/usr/bin/pkg-config
ac_cv_path_install='/usr/bin/install -c'
ac_cv_path_mkdir=/bin/mkdir
ac_cv_prog_AWK=gawk
ac_cv_prog_ac_ct_CC=gcc
ac_cv_prog_ac_ct_CXX=g++
ac_cv_prog_cc_c89=
ac_cv_prog_cc_g=yes
ac_cv_prog_cxx_g=yes
ac_cv_prog_make_make_set=yes
am_cv_CC_dependencies_compiler_type=gcc3
am_cv_CXX_dependencies_compiler_type=gcc3
ax_cv_boost_regex=yes
ax_cv_boost_system=yes
ax_cv_boost_thread=yes
ossie_cv_ossie_home=/usr/local/redhawk/core
ossie_cv_sdr_root=/var/redhawk/sdr
pkg_cv_LOG4CXX_CFLAGS=' '
pkg_cv_LOG4CXX_LIBS='-llog4cxx  '
pkg_cv_PROJECTDEPS_CFLAGS='-D__x86_64__ -D__linux__ -D__OSVERSION__=2 -DENABLE_EVENTS=1 -I/usr/local/redhawk/core/include -I/usr/local/redhawk/core/include/ossie -I/usr/local/redhawk/core/share/idl  '
pkg_cv_PROJECTDEPS_LIBS='-L/usr/local/redhawk/core/lib64 -lossiecf -lossieidl -lCOS4 -lomniDynamic4 -lomniORB4 -lomnithread  '

## ----------------- ##
## Output variables. ##
## ----------------- ##

ACLOCAL='${SHELL} /home/tre/workspace/lobReader/cpp/missing --run aclocal-1.11'
AMDEPBACKSLASH='\'
AMDEP_FALSE='#'
AMDEP_TRUE=''
AMTAR='${SHELL} /home/tre/workspace/lobReader/cpp/missing --run tar'
AM_BACKSLASH='\'
AM_DEFAULT_VERBOSITY='0'
AUTOCONF='${SHELL} /home/tre/workspace/lobReader/cpp/missing --run autoconf'
AUTOHEADER='${SHELL} /home/tre/workspace/lobReader/cpp/missing --run autoheader'
AUTOMAKE='${SHELL} /home/tre/workspace/lobReader/cpp/missing --run automake-1.11'
AWK='gawk'
BOOST_CPPFLAGS='-pthread -I/usr/include'
BOOST_LDFLAGS='-L/usr/lib64'
BOOST_REGEX_LIB='-lboost_regex-mt'
BOOST_SYSTEM_LIB='-lboost_system'
BOOST_THREAD_LIB='-lboost_thread-mt'
CC='gcc'
CCDEPMODE='depmode=gcc3'
CFLAGS='-g -O2'
CORBA_ORB='omniORB4'
CPPFLAGS='  '
CXX='g++'
CXXDEPMODE='depmode=gcc3'
CXXFLAGS='-g -O2'
CYGPATH_W='echo'
DEFS='-DPACKAGE_NAME=\"lobReader\" -DPACKAGE_TARNAME=\"lobreader\" -DPACKAGE_VERSION=\"1.0.0\" -DPACKAGE_STRING=\"lobReader\ 1.0.0\" -DPACKAGE_BUGREPORT=\"\" -DPACKAGE=\"lobreader\" -DVERSION=\"1.0.0\" -DHAVE_OMNIORB4=1 -DHAVE_LOG4CXX=1 -DRH_LOGGER=1 -DHAVE_BOOST=1 -DHAVE_BOOST_SYSTEM=1 -DHAVE_BOOST_THREAD=1 -DHAVE_BOOST_REGEX=1'
DEPDIR='.deps'
ECHO_C=''
ECHO_N='-n'
ECHO_T=''
EXEEXT=''
HAVE_LOG4CXX='-DHAVE_LOG4CXX=1'
INSTALL_DATA='${INSTALL} -m 644'
INSTALL_PROGRAM='${INSTALL}'
INSTALL_SCRIPT='${INSTALL}'
INSTALL_STRIP_PROGRAM='$(install_sh) -c -s'
LDFLAGS=''
LIBOBJS=''
LIBS=' -llog4cxx  '
LOG4CXX_CFLAGS=' '
LOG4CXX_LIBS='-llog4cxx  '
LTLIBOBJS=''
MAKEINFO='${SHELL} /home/tre/workspace/lobReader/cpp/missing --run makeinfo'
MKDIR_P='/bin/mkdir -p'
OBJEXT='o'
OSSIE_HOME='/usr/local/redhawk/core'
PACKAGE='lobreader'
PACKAGE_BUGREPORT=''
PACKAGE_NAME='lobReader'
PACKAGE_STRING='lobReader 1.0.0'
PACKAGE_TARNAME='lobreader'
PACKAGE_VERSION='1.0.0'
PATH_SEPARATOR=':'
PKG_CONFIG='/usr/bin/pkg-config'
PROJECTDEPS_CFLAGS='-D__x86_64__ -D__linux__ -D__OSVERSION__=2 -DENABLE_EVENTS=1 -I/usr/local/redhawk/core/include -I/usr/local/redhawk/core/include/ossie -I/usr/local/redhawk/core/share/idl  '
PROJECTDEPS_LIBS='-L/usr/local/redhawk/core/lib64 -lossiecf -lossieidl -lCOS4 -lomniDynamic4 -lomniORB4 -lomnithread  '
SDR_ROOT='/var/redhawk/sdr'
SET_MAKE=''
SHELL='/bin/sh'
STRIP=''
VERSION='1.0.0'
WITH_LOG4CXX='yes'
ac_ct_CC='gcc'
ac_ct_CXX='g++'
am__EXEEXT_FALSE=''
am__EXEEXT_TRUE='#'
am__fastdepCC_FALSE='#'
am__fastdepCC_TRUE=''
am__fastdepCXX_FALSE='#'
am__fastdepCXX_TRUE=''
am__include='include'
am__isrc=''
am__leading_dot='.'
am__quote=''
am__tar='${AMTAR} chof - "$$tardir"'
am__untar='${AMTAR} xf -'
bindir='${exec_prefix}/bin'
build='x86_64-unknown-linux-gnu'
build_alias=''
build_cpu='x86_64'
build_os='linux-gnu'
build_vendor='unknown'
datadir='${datarootdir}'
datarootdir='${prefix}/share'
docdir='${datarootdir}/doc/${PACKAGE_TARNAME}'
dvidir='${docdir}'
exec_prefix='${prefix}'
host='x86_64-unknown-linux-gnu'
host_alias=''
host_cpu='x86_64'
host_os='linux-gnu'
host_vendor='unknown'
htmldir='${docdir}'
includedir='${prefix}/include'
infodir='${datarootdir}/info'
install_sh='${SHELL} /home/tre/workspace/lobReader/cpp/install-sh'
libdir='${exec_prefix}/lib'
libexecdir='${exec_prefix}/libexec'
localedir='${datarootdir}/locale'
localstatedir='${prefix}/var'
mandir='${datarootdir}/man'
mkdir_p='/bin/mkdir -p'
oldincludedir='/usr/include'
pdfdir='${docdir}'
prefix='/var/redhawk/sdr/'
program_transform_name='s,x,x,'
psdir='${docdir}'
sbindir='${exec_prefix}/sbin'
sharedstatedir='${prefix}/com'
sysconfdir='${prefix}/etc'
target_alias=''

## ----------- ##
## confdefs.h. ##
## ----------- ##

#define PACKAGE_NAME "lobReader"
#define PACKAGE_TARNAME "lobreader"
#define PACKAGE_VERSION "1.0.0"
#define PACKAGE_STRING "lobReader 1.0.0"
#define PACKAGE_BUGREPORT ""
#define PACKAGE "lobreader"
#define VERSION "1.0.0"
#define HAVE_OMNIORB4 1
#define HAVE_LOG4CXX 1
#define RH_LOGGER 1
#define HAVE_BOOST 1
#define HAVE_BOOST_SYSTEM 1
#define HAVE_BOOST_THREAD 1
#define HAVE_BOOST_REGEX 1

configure: exit 0
