This file contains any messages produced by compilers while
running configure, to aid debugging if configure makes a mistake.

It was created by centralNodeReceiver configure 1.0.0, which was
generated by GNU Autoconf 2.63.  Invocation command line was

  $ ./configure 

## --------- ##
## Platform. ##
## --------- ##

hostname = localhost.localdomain
uname -m = x86_64
uname -r = 2.6.32-573.el6.x86_64
uname -s = Linux
uname -v = #1 SMP Thu Jul 23 15:44:03 UTC 2015

/usr/bin/uname -p = unknown
/bin/uname -X     = unknown

/bin/arch              = x86_64
/usr/bin/arch -k       = unknown
/usr/convex/getsysinfo = unknown
/usr/bin/hostinfo      = unknown
/bin/machine           = unknown
/usr/bin/oslevel       = unknown
/bin/universe          = unknown

PATH: /usr/local/redhawk/core/bin/
PATH: /usr/local/redhawk/core/bin
PATH: /usr/lib64/qt-3.3/bin
PATH: /usr/local/bin
PATH: /usr/bin
PATH: /bin
PATH: /usr/local/sbin
PATH: /usr/sbin
PATH: /sbin
PATH: /home/tre/bin


## ----------- ##
## Core tests. ##
## ----------- ##

configure:1829: checking for a BSD-compatible install
configure:1897: result: /usr/bin/install -c
configure:1908: checking whether build environment is sane
configure:1968: result: yes
configure:2109: checking for a thread-safe mkdir -p
configure:2148: result: /bin/mkdir -p
configure:2161: checking for gawk
configure:2177: found /usr/bin/gawk
configure:2188: result: gawk
configure:2199: checking whether make sets $(MAKE)
configure:2221: result: yes
configure:2319: checking for a BSD-compatible install
configure:2387: result: /usr/bin/install -c
configure:2448: checking for pkg-config
configure:2466: found /usr/bin/pkg-config
configure:2478: result: /usr/bin/pkg-config
configure:2503: checking pkg-config is at least version 0.9.0
configure:2506: result: yes
configure:2517: checking for omniORB4
configure:2523: $PKG_CONFIG --exists --print-errors "omniORB4 >= 4.0.0"
configure:2526: $? = 0
configure:2533: result: yes
configure:2578: checking for ossie home
configure:2609: result: /usr/local/redhawk/core
configure:2616: checking to see ossie is installed
configure:2626: checking for sdr root
configure:2649: result: /var/redhawk/sdr
configure:2668: using /var/redhawk/sdr/ as installation prefix
configure:2708: checking for a Python interpreter with version >= 2.4
configure:2725: python -c import sys # split strings by '.' and convert to numeric. Append some zeros # because we need at least 4 digits for the hex conversion. # map returns an iterator in Python 3.0 and a list in 2.x minver = list(map(int, '2.4'.split('.'))) + [0, 0, 0] minverhex = 0 # xrange is not present in Python 3.0 and range returns an iterator for i in list(range(0, 4)): minverhex = (minverhex << 8) + minver[i] sys.exit(sys.hexversion < minverhex)
configure:2728: $? = 0
configure:2735: result: python
configure:2743: checking for python
configure:2761: found /usr/bin/python
configure:2773: result: /usr/bin/python
configure:2793: checking for python version
configure:2800: result: 2.6
configure:2812: checking for python platform
configure:2819: result: linux2
configure:2826: checking for python script directory
configure:2855: result: ${prefix}lib/python2.6/site-packages
configure:2864: checking for python extension module directory
configure:2893: result: ${exec_prefix}lib64/python2.6/site-packages
configure:2909: checking for OSSIE
configure:2917: $PKG_CONFIG --exists --print-errors "ossie >= 2.0"
configure:2920: $? = 0
configure:2935: $PKG_CONFIG --exists --print-errors "ossie >= 2.0"
configure:2938: $? = 0
configure:3016: result: yes
configure:3022: checking for python module ossie
configure:3037: result: yes
configure:3051: checking for OMNIORB
configure:3059: $PKG_CONFIG --exists --print-errors "omniORB4 >= 4.1.0"
configure:3062: $? = 0
configure:3077: $PKG_CONFIG --exists --print-errors "omniORB4 >= 4.1.0"
configure:3080: $? = 0
configure:3158: result: yes
configure:3164: checking for python module omniORB
configure:3179: result: yes
configure:3335: creating ./config.status

## ---------------------- ##
## Running config.status. ##
## ---------------------- ##

This file was extended by centralNodeReceiver config.status 1.0.0, which was
generated by GNU Autoconf 2.63.  Invocation command line was

  CONFIG_FILES    = 
  CONFIG_HEADERS  = 
  CONFIG_LINKS    = 
  CONFIG_COMMANDS = 
  $ ./config.status 

on localhost.localdomain

config.status:678: creating Makefile

## ---------------- ##
## Cache variables. ##
## ---------------- ##

ac_cv_corba_omniorb4=yes
ac_cv_env_OMNIORB_CFLAGS_set=
ac_cv_env_OMNIORB_CFLAGS_value=
ac_cv_env_OMNIORB_LIBS_set=
ac_cv_env_OMNIORB_LIBS_value=
ac_cv_env_OSSIE_CFLAGS_set=
ac_cv_env_OSSIE_CFLAGS_value=
ac_cv_env_OSSIE_LIBS_set=
ac_cv_env_OSSIE_LIBS_value=
ac_cv_env_PKG_CONFIG_set=
ac_cv_env_PKG_CONFIG_value=
ac_cv_env_build_alias_set=
ac_cv_env_build_alias_value=
ac_cv_env_host_alias_set=
ac_cv_env_host_alias_value=
ac_cv_env_target_alias_set=
ac_cv_env_target_alias_value=
ac_cv_path_PYTHON=/usr/bin/python
ac_cv_path_ac_pt_PKG_CONFIG=/usr/bin/pkg-config
ac_cv_path_install='/usr/bin/install -c'
ac_cv_path_mkdir=/bin/mkdir
ac_cv_prog_AWK=gawk
ac_cv_prog_make_make_set=yes
ac_cv_pymod_omniORB=yes
ac_cv_pymod_ossie=yes
am_cv_pathless_PYTHON=python
am_cv_python_platform=linux2
am_cv_python_pyexecdir='${exec_prefix}lib64/python2.6/site-packages'
am_cv_python_pythondir='${prefix}lib/python2.6/site-packages'
am_cv_python_version=2.6
ossie_cv_ossie_home=/usr/local/redhawk/core
ossie_cv_sdr_root=/var/redhawk/sdr
pkg_cv_OMNIORB_CFLAGS='-D__x86_64__ -D__linux__ -D__OSVERSION__=2  '
pkg_cv_OMNIORB_LIBS='-lomniORB4 -lomnithread  '
pkg_cv_OSSIE_CFLAGS='-D__x86_64__ -D__linux__ -D__OSVERSION__=2 -DENABLE_EVENTS=1 -I/usr/local/redhawk/core/include -I/usr/local/redhawk/core/include/ossie -I/usr/local/redhawk/core/share/idl  '
pkg_cv_OSSIE_LIBS='-L/usr/local/redhawk/core/lib64 -lossiecf -lossieidl -lCOS4 -lomniDynamic4 -lomniORB4 -lomnithread  '

## ----------------- ##
## Output variables. ##
## ----------------- ##

ACLOCAL='${SHELL} /home/tre/workspace/centralNodeReceiver/python/missing --run aclocal-1.11'
AMTAR='${SHELL} /home/tre/workspace/centralNodeReceiver/python/missing --run tar'
AUTOCONF='${SHELL} /home/tre/workspace/centralNodeReceiver/python/missing --run autoconf'
AUTOHEADER='${SHELL} /home/tre/workspace/centralNodeReceiver/python/missing --run autoheader'
AUTOMAKE='${SHELL} /home/tre/workspace/centralNodeReceiver/python/missing --run automake-1.11'
AWK='gawk'
CORBA_ORB='omniORB4'
CYGPATH_W='echo'
DEFS='-DPACKAGE_NAME=\"centralNodeReceiver\" -DPACKAGE_TARNAME=\"centralnodereceiver\" -DPACKAGE_VERSION=\"1.0.0\" -DPACKAGE_STRING=\"centralNodeReceiver\ 1.0.0\" -DPACKAGE_BUGREPORT=\"\" -DPACKAGE=\"centralnodereceiver\" -DVERSION=\"1.0.0\" -DHAVE_OMNIORB4=1'
ECHO_C=''
ECHO_N='-n'
ECHO_T=''
INSTALL_DATA='${INSTALL} -m 644'
INSTALL_PROGRAM='${INSTALL}'
INSTALL_SCRIPT='${INSTALL}'
INSTALL_STRIP_PROGRAM='$(install_sh) -c -s'
LIBOBJS=''
LIBS=''
LTLIBOBJS=''
MAKEINFO='${SHELL} /home/tre/workspace/centralNodeReceiver/python/missing --run makeinfo'
MKDIR_P='/bin/mkdir -p'
OMNIORB_CFLAGS='-D__x86_64__ -D__linux__ -D__OSVERSION__=2  '
OMNIORB_LIBS='-lomniORB4 -lomnithread  '
OSSIE_CFLAGS='-D__x86_64__ -D__linux__ -D__OSVERSION__=2 -DENABLE_EVENTS=1 -I/usr/local/redhawk/core/include -I/usr/local/redhawk/core/include/ossie -I/usr/local/redhawk/core/share/idl  '
OSSIE_HOME='/usr/local/redhawk/core'
OSSIE_LIBS='-L/usr/local/redhawk/core/lib64 -lossiecf -lossieidl -lCOS4 -lomniDynamic4 -lomniORB4 -lomnithread  '
PACKAGE='centralnodereceiver'
PACKAGE_BUGREPORT=''
PACKAGE_NAME='centralNodeReceiver'
PACKAGE_STRING='centralNodeReceiver 1.0.0'
PACKAGE_TARNAME='centralnodereceiver'
PACKAGE_VERSION='1.0.0'
PATH_SEPARATOR=':'
PKG_CONFIG='/usr/bin/pkg-config'
PYTHON='/usr/bin/python'
PYTHON_EXEC_PREFIX='${exec_prefix}'
PYTHON_PLATFORM='linux2'
PYTHON_PREFIX='${prefix}'
PYTHON_VERSION='2.6'
SDR_ROOT='/var/redhawk/sdr'
SET_MAKE=''
SHELL='/bin/sh'
STRIP=''
VERSION='1.0.0'
am__isrc=''
am__leading_dot='.'
am__tar='${AMTAR} chof - "$$tardir"'
am__untar='${AMTAR} xf -'
bindir='${exec_prefix}/bin'
build_alias=''
datadir='${datarootdir}'
datarootdir='${prefix}/share'
docdir='${datarootdir}/doc/${PACKAGE_TARNAME}'
dvidir='${docdir}'
exec_prefix='${prefix}'
host_alias=''
htmldir='${docdir}'
includedir='${prefix}/include'
infodir='${datarootdir}/info'
install_sh='${SHELL} /home/tre/workspace/centralNodeReceiver/python/install-sh'
libdir='${exec_prefix}/lib'
libexecdir='${exec_prefix}/libexec'
localedir='${datarootdir}/locale'
localstatedir='${prefix}/var'
mandir='${datarootdir}/man'
mkdir_p='/bin/mkdir -p'
oldincludedir='/usr/include'
pdfdir='${docdir}'
pkgpyexecdir='${pyexecdir}/centralnodereceiver'
pkgpythondir='${pythondir}/centralnodereceiver'
prefix='/var/redhawk/sdr/'
program_transform_name='s,x,x,'
psdir='${docdir}'
pyexecdir='${exec_prefix}lib64/python2.6/site-packages'
pythondir='${prefix}lib/python2.6/site-packages'
sbindir='${exec_prefix}/sbin'
sharedstatedir='${prefix}/com'
sysconfdir='${prefix}/etc'
target_alias=''

## ----------- ##
## confdefs.h. ##
## ----------- ##

#define PACKAGE_NAME "centralNodeReceiver"
#define PACKAGE_TARNAME "centralnodereceiver"
#define PACKAGE_VERSION "1.0.0"
#define PACKAGE_STRING "centralNodeReceiver 1.0.0"
#define PACKAGE_BUGREPORT ""
#define PACKAGE "centralnodereceiver"
#define VERSION "1.0.0"
#define HAVE_OMNIORB4 1

configure: exit 0
